[    0.000000] Linux version 4.15.0-51-generic (buildd@lgw01-amd64-059) (gcc version 7.3.0 (Ubuntu 7.3.0-16ubuntu3)) #55-Ubuntu SMP Wed May 15 14:27:21 UTC 2019 (Ubuntu 4.15.0-51.55-generic 4.15.18)
[    0.000000] Command line: BOOT_IMAGE=/boot/vmlinuz-4.15.0-51-generic root=UUID=b84f0176-44b1-4c9f-994d-2a772374f7f6 ro console=tty1 console=ttyS0
[    0.000000] KERNEL supported cpus:
[    0.000000]   Intel GenuineIntel
[    0.000000]   AMD AuthenticAMD
[    0.000000]   Centaur CentaurHauls
[    0.000000] x86/fpu: Supporting XSAVE feature 0x001: 'x87 floating point registers'
[    0.000000] x86/fpu: Supporting XSAVE feature 0x002: 'SSE registers'
[    0.000000] x86/fpu: Supporting XSAVE feature 0x004: 'AVX registers'
[    0.000000] x86/fpu: xstate_offset[2]:  576, xstate_sizes[2]:  256
[    0.000000] x86/fpu: Enabled xstate features 0x7, context size is 832 bytes, using 'standard' format.
[    0.000000] e820: BIOS-provided physical RAM map:
[    0.000000] BIOS-e820: [mem 0x0000000000000000-0x000000000009fbff] usable
[    0.000000] BIOS-e820: [mem 0x000000000009fc00-0x000000000009ffff] reserved
[    0.000000] BIOS-e820: [mem 0x00000000000f0000-0x00000000000fffff] reserved
[    0.000000] BIOS-e820: [mem 0x0000000000100000-0x00000000dffeffff] usable
[    0.000000] BIOS-e820: [mem 0x00000000dfff0000-0x00000000dfffffff] ACPI data
[    0.000000] BIOS-e820: [mem 0x00000000fec00000-0x00000000fec00fff] reserved
[    0.000000] BIOS-e820: [mem 0x00000000fee00000-0x00000000fee00fff] reserved
[    0.000000] BIOS-e820: [mem 0x00000000fffc0000-0x00000000ffffffff] reserved
[    0.000000] BIOS-e820: [mem 0x0000000100000000-0x000000021fffffff] usable
[    0.000000] NX (Execute Disable) protection: active
[    0.000000] SMBIOS 2.5 present.
[    0.000000] DMI: innotek GmbH VirtualBox/VirtualBox, BIOS VirtualBox 12/01/2006
[    0.000000] Hypervisor detected: KVM
[    0.000000] e820: last_pfn = 0x220000 max_arch_pfn = 0x400000000
[    0.000000] MTRR: Disabled
[    0.000000] x86/PAT: MTRRs disabled, skipping PAT initialization too.
[    0.000000] CPU MTRRs all blank - virtualized system.
[    0.000000] x86/PAT: Configuration [0-7]: WB  WT  UC- UC  WB  WT  UC- UC  
[    0.000000] e820: last_pfn = 0xdfff0 max_arch_pfn = 0x400000000
[    0.000000] found SMP MP-table at [mem 0x0009fff0-0x0009ffff] mapped at [        (ptrval)]
[    0.000000] Scanning 1 areas for low memory corruption
[    0.000000] RAMDISK: [mem 0x35231000-0x3690ffff]
[    0.000000] ACPI: Early table checksum verification disabled
[    0.000000] ACPI: RSDP 0x00000000000E0000 000024 (v02 VBOX  )
[    0.000000] ACPI: XSDT 0x00000000DFFF0030 00003C (v01 VBOX   VBOXXSDT 00000001 ASL  00000061)
[    0.000000] ACPI: FACP 0x00000000DFFF00F0 0000F4 (v04 VBOX   VBOXFACP 00000001 ASL  00000061)
[    0.000000] ACPI: DSDT 0x00000000DFFF0470 0021FF (v02 VBOX   VBOXBIOS 00000002 INTL 20100528)
[    0.000000] ACPI: FACS 0x00000000DFFF0200 000040
[    0.000000] ACPI: FACS 0x00000000DFFF0200 000040
[    0.000000] ACPI: APIC 0x00000000DFFF0240 00005C (v02 VBOX   VBOXAPIC 00000001 ASL  00000061)
[    0.000000] ACPI: SSDT 0x00000000DFFF02A0 0001CC (v01 VBOX   VBOXCPUT 00000002 INTL 20100528)
[    0.000000] No NUMA configuration found
[    0.000000] Faking a node at [mem 0x0000000000000000-0x000000021fffffff]
[    0.000000] NODE_DATA(0) allocated [mem 0x21ffd1000-0x21fffbfff]
[    0.000000] kvm-clock: cpu 0, msr 2:1ff50001, primary cpu clock
[    0.000000] kvm-clock: Using msrs 4b564d01 and 4b564d00
[    0.000000] kvm-clock: using sched offset of 13309221655 cycles
[    0.000000] clocksource: kvm-clock: mask: 0xffffffffffffffff max_cycles: 0x1cd42e4dffb, max_idle_ns: 881590591483 ns
[    0.000000] Zone ranges:
[    0.000000]   DMA      [mem 0x0000000000001000-0x0000000000ffffff]
[    0.000000]   DMA32    [mem 0x0000000001000000-0x00000000ffffffff]
[    0.000000]   Normal   [mem 0x0000000100000000-0x000000021fffffff]
[    0.000000]   Device   empty
[    0.000000] Movable zone start for each node
[    0.000000] Early memory node ranges
[    0.000000]   node   0: [mem 0x0000000000001000-0x000000000009efff]
[    0.000000]   node   0: [mem 0x0000000000100000-0x00000000dffeffff]
[    0.000000]   node   0: [mem 0x0000000100000000-0x000000021fffffff]
[    0.000000] Reserved but unavailable: 114 pages
[    0.000000] Initmem setup node 0 [mem 0x0000000000001000-0x000000021fffffff]
[    0.000000] ACPI: PM-Timer IO Port: 0x4008
[    0.000000] IOAPIC[0]: apic_id 2, version 32, address 0xfec00000, GSI 0-23
[    0.000000] ACPI: INT_SRC_OVR (bus 0 bus_irq 0 global_irq 2 dfl dfl)
[    0.000000] ACPI: INT_SRC_OVR (bus 0 bus_irq 9 global_irq 9 low level)
[    0.000000] Using ACPI (MADT) for SMP configuration information
[    0.000000] smpboot: Allowing 2 CPUs, 0 hotplug CPUs
[    0.000000] PM: Registered nosave memory: [mem 0x00000000-0x00000fff]
[    0.000000] PM: Registered nosave memory: [mem 0x0009f000-0x0009ffff]
[    0.000000] PM: Registered nosave memory: [mem 0x000a0000-0x000effff]
[    0.000000] PM: Registered nosave memory: [mem 0x000f0000-0x000fffff]
[    0.000000] PM: Registered nosave memory: [mem 0xdfff0000-0xdfffffff]
[    0.000000] PM: Registered nosave memory: [mem 0xe0000000-0xfebfffff]
[    0.000000] PM: Registered nosave memory: [mem 0xfec00000-0xfec00fff]
[    0.000000] PM: Registered nosave memory: [mem 0xfec01000-0xfedfffff]
[    0.000000] PM: Registered nosave memory: [mem 0xfee00000-0xfee00fff]
[    0.000000] PM: Registered nosave memory: [mem 0xfee01000-0xfffbffff]
[    0.000000] PM: Registered nosave memory: [mem 0xfffc0000-0xffffffff]
[    0.000000] e820: [mem 0xe0000000-0xfebfffff] available for PCI devices
[    0.000000] Booting paravirtualized kernel on KVM
[    0.000000] clocksource: refined-jiffies: mask: 0xffffffff max_cycles: 0xffffffff, max_idle_ns: 7645519600211568 ns
[    0.000000] random: get_random_bytes called from start_kernel+0x99/0x4fd with crng_init=0
[    0.000000] setup_percpu: NR_CPUS:8192 nr_cpumask_bits:2 nr_cpu_ids:2 nr_node_ids:1
[    0.000000] percpu: Embedded 46 pages/cpu @        (ptrval) s151552 r8192 d28672 u1048576
[    0.000000] PV qspinlock hash table entries: 256 (order: 0, 4096 bytes)
[    0.000000] Built 1 zonelists, mobility grouping on.  Total pages: 2064249
[    0.000000] Policy zone: Normal
[    0.000000] Kernel command line: BOOT_IMAGE=/boot/vmlinuz-4.15.0-51-generic root=UUID=b84f0176-44b1-4c9f-994d-2a772374f7f6 ro console=tty1 console=ttyS0
[    0.000000] Memory: 8138540K/8388152K available (12300K kernel code, 2473K rwdata, 4272K rodata, 2408K init, 2416K bss, 249612K reserved, 0K cma-reserved)
[    0.000000] SLUB: HWalign=64, Order=0-3, MinObjects=0, CPUs=2, Nodes=1
[    0.000000] Kernel/User page tables isolation: enabled
[    0.000000] ftrace: allocating 39215 entries in 154 pages
[    0.004000] Hierarchical RCU implementation.
[    0.004000] 	RCU restricting CPUs from NR_CPUS=8192 to nr_cpu_ids=2.
[    0.004000] 	Tasks RCU enabled.
[    0.004000] RCU: Adjusting geometry for rcu_fanout_leaf=16, nr_cpu_ids=2
[    0.004000] NR_IRQS: 524544, nr_irqs: 440, preallocated irqs: 16
[    0.004000] Console: colour VGA+ 80x25
[    0.004000] console [tty1] enabled
[    0.004000] console [ttyS0] enabled
[    0.004000] ACPI: Core revision 20170831
[    0.004000] ACPI: 2 ACPI AML tables successfully acquired and loaded
[    0.004000] APIC: Switch to symmetric I/O mode setup
[    0.009218] x2apic enabled
[    0.012041] Switched APIC routing to physical x2apic.
[    0.039174] ..TIMER: vector=0x30 apic1=0 pin1=2 apic2=-1 pin2=-1
[    0.040005] tsc: Detected 3600.000 MHz processor
[    0.044010] Calibrating delay loop (skipped) preset value.. 7200.00 BogoMIPS (lpj=14400000)
[    0.048006] pid_max: default: 32768 minimum: 301
[    0.052036] Security Framework initialized
[    0.056006] Yama: becoming mindful.
[    0.060032] AppArmor: AppArmor initialized
[    0.078944] Dentry cache hash table entries: 1048576 (order: 11, 8388608 bytes)
[    0.088165] Inode-cache hash table entries: 524288 (order: 10, 4194304 bytes)
[    0.092032] Mount-cache hash table entries: 16384 (order: 5, 131072 bytes)
[    0.100021] Mountpoint-cache hash table entries: 16384 (order: 5, 131072 bytes)
[    0.105587] mce: CPU supports 0 MCE banks
[    0.108207] Last level iTLB entries: 4KB 128, 2MB 8, 4MB 8
[    0.112006] Last level dTLB entries: 4KB 64, 2MB 0, 4MB 0, 1GB 4
[    0.116006] Spectre V2 : Mitigation: Full generic retpoline
[    0.120005] Spectre V2 : Spectre v2 / SpectreRSB mitigation: Filling RSB on context switch
[    0.124005] Speculative Store Bypass: Vulnerable
[    0.128043] MDS: Vulnerable: Clear CPU buffers attempted, no microcode
[    0.132078] Freeing SMP alternatives memory: 36K
[    0.144000] smpboot: CPU0: Intel(R) Core(TM) i3-8100 CPU @ 3.60GHz (family: 0x6, model: 0x9e, stepping: 0xb)
[    0.144072] Performance Events: unsupported p6 CPU model 158 no PMU driver, software events only.
[    0.148081] Hierarchical SRCU implementation.
[    0.152559] NMI watchdog: Perf event create on CPU 0 failed with -2
[    0.156005] NMI watchdog: Perf NMI watchdog permanently disabled
[    0.164058] smp: Bringing up secondary CPUs ...
[    0.168093] x86: Booting SMP configuration:
[    0.172006] .... node  #0, CPUs:      #1
[    0.004000] kvm-clock: cpu 1, msr 2:1ff50041, secondary cpu clock
[    0.004000] mce: CPU supports 0 MCE banks
[    0.228005] smp: Brought up 1 node, 2 CPUs
[    0.232008] smpboot: Max logical packages: 1
[    0.236006] smpboot: Total of 2 processors activated (14400.00 BogoMIPS)
[    0.244166] devtmpfs: initialized
[    0.248048] x86/mm: Memory block size: 128MB
[    0.256356] evm: security.selinux
[    0.260006] evm: security.SMACK64
[    0.264006] evm: security.SMACK64EXEC
[    0.268005] evm: security.SMACK64TRANSMUTE
[    0.272005] evm: security.SMACK64MMAP
[    0.276005] evm: security.apparmor
[    0.280006] evm: security.ima
[    0.284004] evm: security.capability
[    0.292146] clocksource: jiffies: mask: 0xffffffff max_cycles: 0xffffffff, max_idle_ns: 7645041785100000 ns
[    0.296017] futex hash table entries: 512 (order: 3, 32768 bytes)
[    0.300098] pinctrl core: initialized pinctrl subsystem
[    0.308518] RTC time:  3:45:21, date: 06/08/19
[    0.312750] NET: Registered protocol family 16
[    0.316074] audit: initializing netlink subsys (disabled)
[    0.324155] audit: type=2000 audit(1559965534.114:1): state=initialized audit_enabled=0 res=1
[    0.348051] cpuidle: using governor ladder
[    0.352016] cpuidle: using governor menu
[    0.356053] ACPI: bus type PCI registered
[    0.360004] acpiphp: ACPI Hot Plug PCI Controller Driver version: 0.5
[    0.368595] PCI: Using configuration type 1 for base access
[    0.376099] HugeTLB registered 2.00 MiB page size, pre-allocated 0 pages
[    0.384106] ACPI: Added _OSI(Module Device)
[    0.388015] ACPI: Added _OSI(Processor Device)
[    0.392006] ACPI: Added _OSI(3.0 _SCP Extensions)
[    0.396007] ACPI: Added _OSI(Processor Aggregator Device)
[    0.400007] ACPI: Added _OSI(Linux-Dell-Video)
[    0.404008] ACPI: Added _OSI(Linux-Lenovo-NV-HDMI-Audio)
[    0.408008] ACPI: Added _OSI(Linux-HPI-Hybrid-Graphics)
[    0.416902] ACPI: Executed 1 blocks of module-level executable AML code
[    0.427156] ACPI: Interpreter enabled
[    0.428022] ACPI: (supports S0 S5)
[    0.432006] ACPI: Using IOAPIC for interrupt routing
[    0.436616] PCI: Using host bridge windows from ACPI; if necessary, use "pci=nocrs" and report a bug
[    0.441564] ACPI: Enabled 2 GPEs in block 00 to 07
[    0.474449] ACPI: PCI Root Bridge [PCI0] (domain 0000 [bus 00-ff])
[    0.476016] acpi PNP0A03:00: _OSC: OS supports [ASPM ClockPM Segments MSI]
[    0.480044] acpi PNP0A03:00: _OSC: not requesting OS control; OS requires [ExtendedConfig ASPM ClockPM MSI]
[    0.484022] acpi PNP0A03:00: fail to add MMCONFIG information, can't access extended PCI configuration space under this bridge.
[    0.492601] PCI host bridge to bus 0000:00
[    0.496007] pci_bus 0000:00: root bus resource [io  0x0000-0x0cf7 window]
[    0.500011] pci_bus 0000:00: root bus resource [io  0x0d00-0xffff window]
[    0.504009] pci_bus 0000:00: root bus resource [mem 0x000a0000-0x000bffff window]
[    0.508008] pci_bus 0000:00: root bus resource [mem 0xe0000000-0xfdffffff window]
[    0.512009] pci_bus 0000:00: root bus resource [bus 00-ff]
[    0.557099] pci 0000:00:01.1: legacy IDE quirk: reg 0x10: [io  0x01f0-0x01f7]
[    0.560008] pci 0000:00:01.1: legacy IDE quirk: reg 0x14: [io  0x03f6]
[    0.564010] pci 0000:00:01.1: legacy IDE quirk: reg 0x18: [io  0x0170-0x0177]
[    0.568008] pci 0000:00:01.1: legacy IDE quirk: reg 0x1c: [io  0x0376]
[    0.766456] pci 0000:00:07.0: quirk: [io  0x4000-0x403f] claimed by PIIX4 ACPI
[    0.768231] pci 0000:00:07.0: quirk: [io  0x4100-0x410f] claimed by PIIX4 SMB
[    0.883107] ACPI: PCI Interrupt Link [LNKA] (IRQs 5 9 10 *11)
[    0.888231] ACPI: PCI Interrupt Link [LNKB] (IRQs 5 9 *10 11)
[    0.896864] ACPI: PCI Interrupt Link [LNKC] (IRQs 5 *9 10 11)
[    0.900856] ACPI: PCI Interrupt Link [LNKD] (IRQs 5 9 10 *11)
[    0.906333] SCSI subsystem initialized
[    0.912275] pci 0000:00:02.0: vgaarb: setting as boot VGA device
[    0.916000] pci 0000:00:02.0: vgaarb: VGA device added: decodes=io+mem,owns=io+mem,locks=none
[    0.916009] pci 0000:00:02.0: vgaarb: bridge control possible
[    0.920005] vgaarb: loaded
[    0.924174] ACPI: bus type USB registered
[    0.928080] usbcore: registered new interface driver usbfs
[    0.932026] usbcore: registered new interface driver hub
[    0.936069] usbcore: registered new device driver usb
[    0.940142] EDAC MC: Ver: 3.0.0
[    0.949778] PCI: Using ACPI for IRQ routing
[    0.956444] NetLabel: Initializing
[    0.960006] NetLabel:  domain hash size = 128
[    0.964005] NetLabel:  protocols = UNLABELED CIPSOv4 CALIPSO
[    0.968027] NetLabel:  unlabeled traffic allowed by default
[    0.972455] clocksource: Switched to clocksource kvm-clock
[    1.010704] VFS: Disk quotas dquot_6.6.0
[    1.022956] VFS: Dquot-cache hash table entries: 512 (order 0, 4096 bytes)
[    1.043255] AppArmor: AppArmor Filesystem Enabled
[    1.057682] pnp: PnP ACPI init
[    1.075124] pnp: PnP ACPI: found 3 devices
[    1.131129] clocksource: acpi_pm: mask: 0xffffff max_cycles: 0xffffff, max_idle_ns: 2085701024 ns
[    1.156589] NET: Registered protocol family 2
[    1.171117] TCP established hash table entries: 65536 (order: 7, 524288 bytes)
[    1.192946] TCP bind hash table entries: 65536 (order: 8, 1048576 bytes)
[    1.215467] TCP: Hash tables configured (established 65536 bind 65536)
[    1.234735] UDP hash table entries: 4096 (order: 5, 131072 bytes)
[    1.253622] UDP-Lite hash table entries: 4096 (order: 5, 131072 bytes)
[    1.273871] NET: Registered protocol family 1
[    1.288524] pci 0000:00:00.0: Limiting direct PCI/PCI transfers
[    1.306551] pci 0000:00:01.0: Activating ISA DMA hang workarounds
[    1.325705] pci 0000:00:02.0: Video device with shadowed ROM at [mem 0x000c0000-0x000dffff]
[    1.351548] Unpacking initramfs...
[    1.760234] Freeing initrd memory: 23420K
[    1.773528] PCI-DMA: Using software bounce buffering for IO (SWIOTLB)
[    1.792228] software IO TLB [mem 0xdbff0000-0xdfff0000] (64MB) mapped at [        (ptrval)-        (ptrval)]
[    1.821136] clocksource: tsc: mask: 0xffffffffffffffff max_cycles: 0x33e452fbb2f, max_idle_ns: 440795236593 ns
[    1.850142] platform rtc_cmos: registered platform RTC device (no PNP device found)
[    1.872165] Scanning for low memory corruption every 60 seconds
[    1.892310] Initialise system trusted keyrings
[    1.906681] Key type blacklist registered
[    1.919520] workingset: timestamp_bits=36 max_order=21 bucket_order=0
[    1.939614] zbud: loaded
[    1.949582] squashfs: version 4.0 (2009/01/31) Phillip Lougher
[    1.968692] fuse init (API version 7.26)
[    2.021428] Key type asymmetric registered
[    2.034004] Asymmetric key parser 'x509' registered
[    2.048895] Block layer SCSI generic (bsg) driver version 0.4 loaded (major 246)
[    2.071475] io scheduler noop registered
[    2.084580] io scheduler deadline registered
[    2.098401] io scheduler cfq registered (default)
[    2.114362] ACPI: AC Adapter [AC] (on-line)
[    2.130769] input: Power Button as /devices/LNXSYSTM:00/LNXPWRBN:00/input/input0
[    2.153414] ACPI: Power Button [PWRF]
[    2.165690] input: Sleep Button as /devices/LNXSYSTM:00/LNXSLPBN:00/input/input1
[    2.188029] ACPI: Sleep Button [SLPF]
[    2.202319] Serial: 8250/16550 driver, 32 ports, IRQ sharing enabled
[    2.291408] 00:02: ttyS0 at I/O 0x3f8 (irq = 4, base_baud = 115200) is a 16550A
[    2.329460] Linux agpgart interface v0.103
[    2.352438] loop: module loaded
[    2.366923] scsi host0: ata_piix
[    2.378425] scsi host1: ata_piix
[    2.388664] ata1: PATA max UDMA/33 cmd 0x1f0 ctl 0x3f6 bmdma 0xd000 irq 14
[    2.408325] ata2: PATA max UDMA/33 cmd 0x170 ctl 0x376 bmdma 0xd008 irq 15
[    2.428339] libphy: Fixed MDIO Bus: probed
[    2.441653] tun: Universal TUN/TAP device driver, 1.6
[    2.457210] PPP generic driver version 2.4.2
[    2.471621] ehci_hcd: USB 2.0 'Enhanced' Host Controller (EHCI) Driver
[    2.490679] ehci-pci: EHCI PCI platform driver
[    2.504226] ehci-platform: EHCI generic platform driver
[    2.519976] ohci_hcd: USB 1.1 'Open' Host Controller (OHCI) Driver
[    2.538983] ohci-pci: OHCI PCI platform driver
[    2.553396] ohci-platform: OHCI generic platform driver
[    2.569362] uhci_hcd: USB Universal Host Controller Interface driver
[    2.588634] i8042: PNP: PS/2 Controller [PNP0303:PS2K,PNP0f03:PS2M] at 0x60,0x64 irq 1,12
[    2.617310] serio: i8042 KBD port at 0x60,0x64 irq 1
[    2.632754] serio: i8042 AUX port at 0x60,0x64 irq 12
[    2.648982] mousedev: PS/2 mouse device common for all mice
[    2.672253] input: AT Translated Set 2 keyboard as /devices/platform/i8042/serio0/input/input2
[    2.676409] rtc_cmos rtc_cmos: rtc core: registered rtc_cmos as rtc0
[    2.677315] rtc_cmos rtc_cmos: alarms up to one day, 114 bytes nvram
[    2.677324] i2c /dev entries driver
[    2.677420] device-mapper: uevent: version 1.0.3
[    2.677465] device-mapper: ioctl: 4.37.0-ioctl (2017-09-20) initialised: dm-devel@redhat.com
[    2.786033] ledtrig-cpu: registered to indicate activity on CPUs
[    2.805654] NET: Registered protocol family 10
[    2.828706] Segment Routing with IPv6
[    2.840635] NET: Registered protocol family 17
[    2.855544] Key type dns_resolver registered
[    2.869738] RAS: Correctable Errors collector initialized.
[    2.887050] sched_clock: Marking stable (2886610352, 0)->(6686312858, -3799702506)
[    2.913991] registered taskstats version 1
[    2.927249] Loading compiled-in X.509 certificates
[    2.946416] Loaded X.509 cert 'Build time autogenerated kernel key: c1fa4cde9d34780ae4ae655b856adc042b663c06'
[    2.975900] zswap: loaded using pool lzo/zbud
[    3.000305] Key type big_key registered
[    3.012441] Key type trusted registered
[    3.028377] Key type encrypted registered
[    3.041131] AppArmor: AppArmor sha1 policy hashing enabled
[    3.057653] ima: No TPM chip found, activating TPM-bypass! (rc=-19)
[    3.075916] ima: Allocated hash algorithm: sha1
[    3.092486] evm: HMAC attrs: 0x1
[    3.106833]   Magic number: 7:152:765
[    3.119707] rtc_cmos rtc_cmos: setting system clock to 2019-06-08 03:45:25 UTC (1559965525)
[    3.144400] BIOS EDD facility v0.16 2004-Jun-25, 0 devices found
[    3.162047] EDD information not available.
[    3.183023] Freeing unused kernel image memory: 2408K
[    3.221688] Write protecting the kernel read-only data: 20480k
[    3.252875] Freeing unused kernel image memory: 2008K
[    3.270297] Freeing unused kernel image memory: 1872K
[    3.291628] x86/mm: Checked W+X mappings: passed, no W+X pages found.
[    3.310358] x86/mm: Checking user space page tables
[    3.330918] x86/mm: Checked W+X mappings: passed, no W+X pages found.
Loading, please wait...
starting version 237
[    3.464867] Fusion MPT base driver 3.04.20
[    3.477727] Copyright (c) 1999-2008 LSI Corporation
[    3.509791] e1000: Intel(R) PRO/1000 Network Driver - version 7.3.21-k8-NAPI
[    3.530960] e1000: Copyright (c) 1999-2006 Intel Corporation.
[    3.579253] Fusion MPT SPI Host driver 3.04.20
[    3.624569] mptbase: ioc0: Initiating bringup
[    3.646847] AVX2 version of gcm_enc/dec engaged.
[    3.661161] AES CTR mode by8 optimization enabled
[    3.761309] ioc0: LSI53C1030 A0: Capabilities={Initiator}
[    3.835511] input: ImExPS/2 Generic Explorer Mouse as /devices/platform/i8042/serio1/input/input4
[    4.072770] scsi host2: ioc0: LSI53C1030 A0, FwRev=00000000h, Ports=1, MaxQ=256, IRQ=20
[    4.266553] scsi 2:0:0:0: Direct-Access     VBOX     HARDDISK         1.0  PQ: 0 ANSI: 5
[    4.336121] scsi target2:0:0: Beginning Domain Validation
[    4.400834] random: fast init done
[    4.413460] scsi target2:0:0: Domain Validation skipping write tests
[    4.433174] scsi target2:0:0: Ending Domain Validation
[    4.451054] scsi target2:0:0: asynchronous
[    4.468460] scsi 2:0:1:0: Direct-Access     VBOX     HARDDISK         1.0  PQ: 0 ANSI: 5
[    4.776274] scsi target2:0:1: Beginning Domain Validation
[    4.801860] scsi target2:0:1: Domain Validation skipping write tests
[    4.826742] scsi target2:0:1: Ending Domain Validation
[    4.846042] scsi target2:0:1: asynchronous
[    4.876300] random: systemd-udevd: uninitialized urandom read (16 bytes read)
[    4.899823] sd 2:0:0:0: Attached scsi generic sg0 type 0
[    4.916730] sd 2:0:0:0: [sda] 104857600 512-byte logical blocks: (53.7 GB/50.0 GiB)
[    4.941666] sd 2:0:1:0: Attached scsi generic sg1 type 0
[    4.960007] sd 2:0:0:0: [sda] Write Protect is off
[    4.976509] sd 2:0:1:0: [sdb] 20480 512-byte logical blocks: (10.5 MB/10.0 MiB)
[    4.998848] random: systemd-udevd: uninitialized urandom read (16 bytes read)
[    5.021548] sd 2:0:1:0: [sdb] Write Protect is off
[    5.034649] sd 2:0:0:0: [sda] Incomplete mode parameter data
[    5.034650] sd 2:0:0:0: [sda] Assuming drive cache: write through
[    5.075002] random: systemd-udevd: uninitialized urandom read (16 bytes read)
[    5.109560] sd 2:0:1:0: [sdb] Incomplete mode parameter data
[    5.126720] sd 2:0:1:0: [sdb] Assuming drive cache: write through
[    5.149027]  sda: sda1
[    5.165149] sd 2:0:0:0: [sda] Attached SCSI disk
[    5.181971] sd 2:0:1:0: [sdb] Attached SCSI disk
[    5.963631] e1000 0000:00:03.0 eth0: (PCI:33MHz:32-bit) 02:06:b1:f3:7b:7f
[    5.983455] e1000 0000:00:03.0 eth0: Intel(R) PRO/1000 Network Connection
[    7.698454] e1000 0000:00:08.0 eth1: (PCI:33MHz:32-bit) 08:00:27:4f:5e:30
[    7.719909] e1000 0000:00:08.0 eth1: Intel(R) PRO/1000 Network Connection
[    7.748643] e1000 0000:00:08.0 enp0s8: renamed from eth1
[    7.794440] e1000 0000:00:03.0 enp0s3: renamed from eth0
Begin: Loading essential drivers ... [   13.812553] raid6: sse2x1   gen() 10144 MB/s
[   13.872263] raid6: sse2x1   xor()  7379 MB/s
[   13.932584] raid6: sse2x2   gen() 12899 MB/s
[   13.992240] raid6: sse2x2   xor()  8474 MB/s
[   14.052472] raid6: sse2x4   gen() 14420 MB/s
[   14.112353] raid6: sse2x4   xor()  9260 MB/s
[   14.172292] raid6: avx2x1   gen() 20445 MB/s
[   14.232068] raid6: avx2x1   xor() 13993 MB/s
[   14.292892] raid6: avx2x2   gen() 25332 MB/s
[   14.352087] raid6: avx2x2   xor() 15288 MB/s
[   14.412209] raid6: avx2x4   gen() 28401 MB/s
[   14.472127] raid6: avx2x4   xor() 17552 MB/s
[   14.485624] raid6: using algorithm avx2x4 gen() 28401 MB/s
[   14.502280] raid6: .... xor() 17552 MB/s, rmw enabled
[   14.519055] raid6: using avx2x2 recovery algorithm
[   14.545798] xor: automatically using best checksumming function   avx       
[   14.571729] async_tx: api initialized (async)
done.
Begin: Running /scripts/init-premount ... done.
Begin: Mounting root file system ... Begin: Running /scripts/local-top ... done.
Begin: Running /scripts/local-premount ... [   14.693490] Btrfs loaded, crc32c=crc32c-intel
Scanning for Btrfs filesystems
done.
Warning: fsck not present, so skipping root file system
[   14.777281] EXT4-fs (sda1): mounted filesystem with ordered data mode. Opts: (null)
done.
Begin: Running /scripts/local-bottom ... done.
Begin: Running /scripts/init-bottom ... done.
[   15.153363] ip_tables: (C) 2000-2006 Netfilter Core Team
[   15.184885] systemd[1]: systemd 237 running in system mode. (+PAM +AUDIT +SELINUX +IMA +APPARMOR +SMACK +SYSVINIT +UTMP +LIBCRYPTSETUP +GCRYPT +GNUTLS +ACL +XZ +LZ4 +SECCOMP +BLKID +ELFUTILS +KMOD -IDN2 +IDN -PCRE2 default-hierarchy=hybrid)
[   15.244550] systemd[1]: Detected virtualization oracle.
[   15.261525] systemd[1]: Detected architecture x86-64.

Welcome to [1mUbuntu 18.04.2 LTS[0m!

[   15.339113] systemd[1]: Set hostname to <ubuntu-bionic>.
[   15.822078] systemd[1]: Reached target Swap.
[[0;32m  OK  [0m] Reached target Swap.
[   15.851943] systemd[1]: Set up automount Arbitrary Executable File Formats File System Automount Point.
[[0;32m  OK  [0m] Set up automount Arbitrary Executab…rmats File System Automount Point.
[   15.904457] systemd[1]: Reached target User and Group Name Lookups.
[[0;32m  OK  [0m] Reached target User and Group Name Lookups.
[   15.943545] systemd[1]: Reached target System Time Synchronized.
[[0;32m  OK  [0m] Reached target System Time Synchronized.
[   16.000968] systemd[1]: Created slice System Slice.
[[0;32m  OK  [0m] Created slice System Slice.
[   16.032856] systemd[1]: Listening on Syslog Socket.
[[0;32m  OK  [0m] Listening on Syslog Socket.
[[0;32m  OK  [0m] Listening on LVM2 metadata daemon socket.
[[0;32m  OK  [0m] Listening on udev Control Socket.
[[0;32m  OK  [0m] Listening on udev Kernel Socket.
[[0;32m  OK  [0m] Listening on /dev/initctl Compatibility Named Pipe.
[[0;32m  OK  [0m] Listening on Journal Audit Socket.
[[0;32m  OK  [0m] Listening on Journal Socket (/dev/log).
[[0;32m  OK  [0m] Listening on Device-mapper event daemon FIFOs.
[[0;32m  OK  [0m] Created slice User and Session Slice.
[[0;32m  OK  [0m] Reached target Slices.
[[0;32m  OK  [0m] Listening on Journal Socket.
         Starting Monitoring of LVM2 mirrors…ng dmeventd or progress polling...
         Starting Create list of required st…ce nodes for the current kernel...
         Starting udev Coldplug all Devices...
         Starting Uncomplicated firewall...
         Starting Load Kernel Modules...
         Starting Set the console keyboard layout...
[   16.405941] lp: driver loaded but no devices found
         Starting Journal Service...
         Mounting Kernel Debug File System...
         Starting Remount Root and Kernel File Systems...
[[0;32m  OK  [0m] Created slice system-serial\x2dgetty.slice.
         Mounting Huge Pages File System...
[[0;32m  OK  [0m] Listening on LVM2 poll daemon socket.
[[0;32m  OK  [0m] Started Forward Password Requests to Wall Directory Watch.
[   16.525795] ppdev: user-space parallel port driver
         Mounting POSIX Message Queue File System...
[[0;32m  OK  [0m] Listening on Network Service Netlink Socket.
[   16.567899] EXT4-fs (sda1): re-mounted. Opts: (null)
[[0;32m  OK  [0m] Started Create list of required sta…vice nodes for the current kernel.
[[0;32m  OK  [0m] Started Uncomplicated firewall.
[[0;32m  OK  [0m] Mounted Kernel Debug File System.
[[0;32m  OK  [0m] Started Remount Root and Kernel File Systems.
[[0;32m  OK  [0m] Mounted Huge Pages File System.
[[0;32m  OK  [0m] Mounted POSIX Message Queue File System.
[[0;32m  OK  [0m] Started LVM2 metadata daemon.
         Starting Load/Save Random Seed...
[   16.689981] Loading iSCSI transport class v2.0-870.
         Starting Create Static Device Nodes in /dev...
[[0;32m  OK  [0m] Started Journal Service.
[[0;32m  OK  [0m] Started udev Coldplug all Devices.
         Starting Flush Journal [   16.763664] random: crng init done
to Persistent Storage...
[   16.781856] random: 7 urandom warning(s) missed due to ratelimiting
[[0;32m  OK  [0m] Started Set the console keyboard layout.
[[0;32m  OK  [0m] Started Monitoring of LVM2 mirrors,…sing dmeventd or progress polling.
[[0;32m  OK  [0m] Started Create Static Device Nodes in /dev.
         Starting udev Kernel Device Manager...
[[0;32m  OK  [0m] Reached target Local File Sy[   16.901688] iscsi: registered transport (tcp)
stems (Pre).
[[0;32m  OK  [0m] Reached target Local File Systems.
         Starting Tell Plymouth To Write Out Runtime Data...
         Starting AppArmor initialization...
         Starting ebtables ruleset management...
         Starting Clean up any mess left by 0dns-up...
         Starting Set console font and keymap...
[[0;32m  OK  [0m] Started udev Kernel Device Manager.
[[0;32m  OK  [0m] Started Load/Save Random Seed.
[[0;32m  OK  [0m] Started Tell Plymouth To Write Out Runtime Data.
[[0;32m  OK  [[   17.183756] systemd-journald[404]: Received request to flush runtime journal from PID 1
0m] Started Dispatch Password Requests to Console Directory Watch.
[[0;32m  OK  [0m] Reached target Local Encrypted Volumes.
[   17.247140] iscsi: registered transport (iser)
[[0;32m  OK  [0m] Started Load Kernel Modules.
         Starting Apply Kernel Variables...
         Mounting FUSE Control File System...
         Mounting Kernel Configuration File System...
[[0;32m  OK  [0m] Started Set console font and keymap.
[[0;32m  OK  [0m] Mounted FUSE Control File System.
[[0;32m  OK  [0m] Mounted Kernel Configuration File System.
[[0;32m  OK  [0m] Started Apply Kernel Variables.
[[0;32m  OK  [0m] Started Clean up any mess left by 0dns-up.
[[0;32m  OK  [0m] Found device /dev/ttyS0.
[[0;32m  OK  [0m] Started ebtables ruleset management.
[[0;32m  OK  [0m] Started Flush Journal to Persistent Storage.
         Starting Create Volatile Files and Directories...
[[0;32m  OK  [0m] Started Create Volatile Files and Directories.
         Starting Update UTMP about System Boot/Shutdown...
[[0;32m  OK  [0m] Listening on Load/Save RF Kill Switch Status /dev/rfkill Watch.
[[0;32m  OK  [0m] Started Update UTMP about System Boot/Shutdown.
[[0;32m  OK  [0m] Started AppArmor initialization.
         Starting Initial cloud-init job (pre-networking)...
[   19.687097] cloud-init[570]: Cloud-init v. 19.1-1-gbaa47854-0ubuntu1~18.04.1 running 'init-local' at Sat, 08 Jun 2019 03:45:41 +0000. Up 19.45 seconds.
[[0;32m  OK  [0m] Started Initial cloud-init job (pre-networking).
[[0;32m  OK  [0m] Reached target Network (Pre).
         Starting Network Service...
         Starting Raise network interfaces...
[[0;32m  OK  [0m] Started Network Service.
         Starting Wait for Network to be Configured...
         Starting Network Name Resolution...
[[0;32m  OK  [0m] Started Network Name Resolution.
[[0;32m  OK  [0m] Reached target Host and Network Name Lookups.
[[0;32m  OK  [0m] Started Raise network interfaces.
[[0;32m  OK  [0m] Started Wait for Network to be Configured.
         Starting Initial cloud-init job (metadata service crawler)...
[   23.192346] cloud-init[801]: Cloud-init v. 19.1-1-gbaa47854-0ubuntu1~18.04.1 running 'init' at Sat, 08 Jun 2019 03:45:45 +0000. Up 23.05 seconds.
[   23.218267] cloud-init[801]: ci-info: ++++++++++++++++++++++++++++++++++++++Net device info+++++++++++++++++++++++++++++++++++++++
[   23.241082] cloud-init[801]: ci-info: +--------+------+-----------------------------+---------------+--------+-------------------+
[   23.264425] cloud-init[801]: ci-info: | Device |  Up  |           Address           |      Mask     | Scope  |     Hw-Address    |
[   23.287765] cloud-init[801]: ci-info: +--------+------+-----------------------------+---------------+--------+-------------------+
[   23.310436] cloud-init[801]: ci-info: | enp0s3 | True |          10.0.2.15          | 255.255.255.0 | global | 02:06:b1:f3:7b:7f |
[   23.333846] cloud-init[801]: ci-info: | enp0s3 | True |  fe80::6:b1ff:fef3:7b7f/64  |       .       |  link  | 02:06:b1:f3:7b:7f |
[   23.356591] cloud-init[801]: ci-info: | enp0s8 | True |       192.168.100.100       | 255.255.255.0 | global | 08:00:27:4f:5e:30 |
[   23.379670] cloud-init[801]: ci-info: | enp0s8 | True | fe80::a00:27ff:fe4f:5e30/64 |       .       |  link  | 08:00:27:4f:5e:30 |
[   23.403107] cloud-init[801]: ci-info: |   lo   | True |          127.0.0.1          |   255.0.0.0   |  host  |         .         |
[   23.426112] cloud-init[801]: ci-info: |   lo   | True |           ::1/128           |       .       |  host  |         .         |
[   23.451144] cloud-init[801]: ci-info: +--------+------+-----------------------------+---------------+--------+-------------------+
[   23.473951] cloud-init[801]: ci-info: +++++++++++++++++++++++++++++Route IPv4 info++++++++++++++++++++++++++++++
[   23.493985] cloud-init[801]: ci-info: +-------+---------------+----------+-----------------+-----------+-------+
[   23.514143] cloud-init[801]: ci-info: | Route |  Destination  | Gateway  |     Genmask     | Interface | Flags |
[   23.538949] cloud-init[801]: ci-info: +-------+---------------+----------+-----------------+-----------+-------+
[   23.560731] cloud-init[801]: ci-info: |   0   |    0.0.0.0    | 10.0.2.2 |     0.0.0.0     |   enp0s3  |   UG  |
[   23.580832] cloud-init[801]: ci-info: |   1   |    10.0.2.0   | 0.0.0.0  |  255.255.255.0  |   enp0s3  |   U   |
[   23.600903] cloud-init[801]: ci-info: |   2   |    10.0.2.2   | 0.0.0.0  | 255.255.255.255 |   enp0s3  |   UH  |
[   23.621422] cloud-init[801]: ci-info: |   3   | 192.168.100.0 | 0.0.0.0  |  255.255.255.0  |   enp0s8  |   U   |
[   23.645422] cloud-init[801]: ci-info: +-------+---------------+----------+-----------------+-----------+-------+
[   23.665850] cloud-init[801]: ci-info: +++++++++++++++++++Route IPv6 info+++++++++++++++++++
[   23.682556] cloud-init[801]: ci-info: +-------+-------------+---------+-----------+-------+
[   23.698763] cloud-init[801]: ci-info: | Route | Destination | Gateway | Interface | Flags |
[   23.715354] cloud-init[801]: ci-info: +-------+-------------+---------+-----------+-------+
[   23.731903] cloud-init[801]: ci-info: |   1   |  fe80::/64  |    ::   |   enp0s8  |   U   |
[   23.748270] cloud-init[801]: ci-info: |   2   |  fe80::/64  |    ::   |   enp0s3  |   U   |
[   23.764380] cloud-init[801]: ci-info: |   4   |    local    |    ::   |   enp0s3  |   U   |
[   23.780683] cloud-init[801]: ci-info: |   5   |    local    |    ::   |   enp0s8  |   U   |
[   23.797020] cloud-init[801]: ci-info: |   6   |   ff00::/8  |    ::   |   enp0s8  |   U   |
[   23.813890] cloud-init[801]: ci-info: |   7   |   ff00::/8  |    ::   |   enp0s3  |   U   |
[   23.832932] cloud-init[801]: ci-info: +-------+-------------+---------+-----------+-------+
[[0;32m  OK  [0m] Started Initial cloud-init job (metadata service crawler).
[[0;32m  OK  [0m] Reached target Cloud-config availability.
[[0;32m  OK  [0m] Reached target System Initialization.
         Starting Socket activation for snappy daemon.
[[0;32m  OK  [0m] Listening on CUPS Scheduler.
[[0;32m  OK  [0m] Started ACPI Events Check.
[[0;32m  OK  [0m] Started Message of the Day.
[[0;32m  OK  [0m] Started Trigger anacron every hour.
[[0;32m  OK  [0m] Started Daily apt download activities.
[[0;32m  OK  [0m] Listening on Avahi mDNS/DNS-SD Stack Activation Socket.
[[0;32m  OK  [0m] Listening on ACPID Listen Socket.
[[0;32m  OK  [0m] Listening on UUID daemon activation socket.
[[0;32m  OK  [0m] Started Discard unused blocks once a week.
[[0;32m  OK  [0m] Started Daily apt upgrade and clean activities.
         Starting Docker Socket for the API.
[[0;32m  OK  [0m] Started Daily Cleanup of Temporary Directories.
[[0;32m  OK  [0m] Reached target Timers.
[[0;32m  OK  [0m] Listening on D-Bus System Message Bus Socket.
[[0;32m  OK  [0m] Started CUPS Scheduler.
[[0;32m  OK  [0m] Reached target Paths.
         Starting LXD - unix socket.
[[0;32m  OK  [0m] Listening on Open-iSCSI iscsid Socket.
[[0;32m  OK  [0m] Listening on Socket activation for snappy daemon.
[[0;32m  OK  [0m] Listening on Docker Socket for the API.
[[0;32m  OK  [0m] Listening on LXD - unix socket.
[[0;32m  OK  [0m] Reached target Sockets.
[[0;32m  OK  [0m] Reached target Basic System.
[[0;32m  OK  [0m] Started Regular background program processing daemon.
         Starting LSB: Record successful boot for GRUB...
         Starting Virtualbox guest utils...
         Starting Disk Manager...
         Starting LXD - container startup/shutdown...
[[0;32m  OK  [0m] Started Deferred execution scheduler.
         Starting Detect the available GPUs and deal with any system changes...
         Starting Avahi mDNS/DNS-SD Stack...
[[0;32m  OK  [0m] Started D-Bus System Message Bus.
         Starting WPA supplicant...
         Starting Login Service...
         Starting Network Manager...
[[0;32m  OK  [0m] Started CUPS Scheduler.
         Starting System Logging Service...
         Starting Dispatcher daemon for systemd-networkd...
[[0;32m  OK  [0m] Started FUSE filesystem for LXC.
         Starting Accounts Service...
[[0;32m  OK  [0m] Started Run anacron jobs.
         Starting Modem Manager...
         Starting Restore /etc/resolv.conf i…fore the ppp link was shut down...
[[0;32m  OK  [0m] Started irqbalance daemon.
[[0;32m  OK  [0m] Started ACPI event daemon.
         Starting Snappy daemon...
[[0;32m  OK  [0m] Started System Logging Service.
[[0;32m  OK  [0m] Started LXD - container startup/shutdown.
[[0;32m  OK  [0m] Started Detect the available GPUs and deal with any system changes.
[[0;32m  OK  [0m] Started Restore /etc/resolv.conf if…before the ppp link was shut down.
[[0;32m  OK  [0m] Started Avahi mDNS/DNS-SD Stack.
[[0;32m  OK  [0m] Started WPA supplicant.
[[0;32m  OK  [0m] Started Login Service.
         Starting Authorization Manager...
[[0;32m  OK  [0m] Started Make remote CUPS printers available locally.
[[0;32m  OK  [0m] Started Authorization Manager.
[[0;32m  OK  [0m] Started Accounts Service.
         Starting Hostname Service...
[[0;32m  OK  [0m] Started LSB: Record successful boot for GRUB.
[[0;32m  OK  [0m] Started Hostname Service.
[[0;32m  OK  [0m] Started Disk Manager.
[[0;32m  OK  [0m] Started Virtualbox guest utils.
[[0;32m  OK  [0m] Started Modem Manager.
[[0;32m  OK  [0m] Started Network Manager.
         Starting Network Manager Wait Online...
[[0;32m  OK  [0m] Reached target Network.
[[0;32m  OK  [0m] Started Unattended Upgrades Shutdown.
         Starting containerd container runtime...
[[0;32m  OK  [0m] Started Snappy daemon.
[[0;32m  OK  [0m] Started Dispatcher daemon for systemd-networkd.
[[0;32m  OK  [0m] Started containerd container runtime.
         Starting Network Manager Script Dispatcher Service...
         Starting Wait until snapd is fully seeded...
[[0;32m  OK  [0m] Started Network Manager Script Dispatcher Service.
[[0;32m  OK  [0m] Started Wait until snapd is fully seeded.
[[0;32m  OK  [0m] Started Network Manager Wait Online.
[[0;32m  OK  [0m] Reached target Network is Online.
         Starting Docker Application Container Engine...
[[0;32m  OK  [0m] Started crash report submission daemon.
         Starting OpenBSD Secure Shell server...
         Starting Apply the settings specified in cloud-config...
[[0;32m  OK  [0m] Reached target Remote File Systems (Pre).
[[0;32m  OK  [0m] Reached target Remote File Systems.
         Starting LSB: automatic crash report generation...
         Starting LSB: Speech Dispatcher...
         Starting Permit User Sessions...
         Starting Availability of block devices...
         Starting Tool to automatically coll… submit kernel crash signatures...
[[0;32m  OK  [0m] Started Permit User Sessions.
[[0;32m  OK  [0m] Started OpenBSD Secure Shell server.
[[0;32m  OK  [0m] Started Availability of block devices.
         Starting Hold until boot process finishes up...
         Starting GNOME Display Manager...
[[0;32m  OK  [0m] Started Hold until boot process finishes up.
         Starting Set console scheme...
[[0;32m  OK  [0m] Started Serial Getty on ttyS0.
[[0;32m  OK  [0m] Reached target Login Prompts.
[[0;32m  OK  [0m] Started LSB: Speech Dispatcher.
[[0;32m  OK  [0m] Started Tool to automatically colle…nd submit kernel crash signatures.
[[0;32m  OK  [0m] Started Set console scheme.
[[0;32m  OK  [0m] Started LSB: automatic crash report generation.
[[0;32m  OK  [0m] Created slice system-getty.slice.
[[0;32m  OK  [0m] Started GNOME Display Manager.
[   28.549713] cloud-init[1489]: Cloud-init v. 19.1-1-gbaa47854-0ubuntu1~18.04.1 running 'modules:config' at Sat, 08 Jun 2019 03:45:50 +0000. Up 28.27 seconds.
[[0;32m  OK  [0m] Started Apply the settings specified in cloud-config.
[[0;32m  OK  [0m] Created slice User Slice of gdm.
         Starting User Manager for UID 125...
[[0;32m  OK  [0m] Started Session c1 of user gdm.
[[0;32m  OK  [0m] Created slice User Slice of vagrant.
         Starting User Manager for UID 1000...
[[0;32m  OK  [0m] Started Session 2 of user vagrant.
[[0;32m  OK  [0m] Started User Manager for UID 1000.
[[0;32m  OK  [0m] Started User Manager for UID 125.
         Starting Daemon for power management...
[[0;32m  OK  [0m] Started Daemon for power management.
[[0;32m  OK  [0m] Started Docker Application Container Engine.
[[0;32m  OK  [0m] Reached target Multi-User System.
         Starting Execute cloud user/final scripts...
[[0;32m  OK  [0m] Reached target Graphical Interface.
         Starting Update UTMP about System Runlevel Changes...
[[0;32m  OK  [0m] Started Update UTMP about System Runlevel Changes.
         Starting RealtimeKit Scheduling Policy Service...
[[0;32m  OK  [0m] Started RealtimeKit Scheduling Policy Service.
[   32.077805] cloud-init[1960]: Cloud-init v. 19.1-1-gbaa47854-0ubuntu1~18.04.1 running 'modules:final' at Sat, 08 Jun 2019 03:45:54 +0000. Up 31.85 seconds.
[   32.106073] cloud-init[1960]: Cloud-init v. 19.1-1-gbaa47854-0ubuntu1~18.04.1 finished at Sat, 08 Jun 2019 03:45:54 +0000. Datasource DataSourceNoCloud [seed=/dev/sdb][dsmode=net].  Up 32.05 seconds
[[0;32m  OK  [0m] Started Execute cloud user/final scripts.
[[0;32m  OK  [0m] Reached target Cloud-init target.

Ubuntu 18.04.2 LTS ubuntu-bionic ttyS0

ubuntu-bionic login:          Stopping Thunderbolt system service...
         Stopping User Manager for UID 1000...
[[0;32m  OK  [0m] Removed slice system-getty.slice.
         Stopping Session 4 of user vagrant.
[[0;32m  OK  [0m] Stopped target Cloud-init target.
[[0;32m  OK  [0m] Stopped Execute cloud user/final scripts.
[[0;32m  OK  [0m] Stopped Apply the settings specified in cloud-config.
[[0;32m  OK  [0m] Stopped target Cloud-config availability.
         Stopping RealtimeKit Scheduling Policy Service...
         Stopping User Manager for UID 125...
         Stopping Session 7 of user vagrant.
         Stopping ACPI event daemon...
[[0;32m  OK  [0m] Closed Load/Save RF Kill Switch Status /dev/rfkill Watch.
[[0;32m  OK  [0m] Stopped target Graphical Interface.
[[0;32m  OK  [0m] Stopped target Multi-User System.
         Stopping Modem Manager...
         Stopping Docker Application Container Engine...
         Stopping crash report submission daemon...
         Stopping Make remote CUPS printers available locally...
         Stopping LXD - container startup/shutdown...
         Stopping Deferred execution scheduler...
         Stopping Virtualbox guest utils...
         Stopping Dispatcher daemon for systemd-networkd...
         Stopping LSB: automatic crash report generation...
[[0;32m  OK  [0m] Stopped target Login Prompts.
         Stopping Serial Getty on ttyS0...
         Stopping Tool to automatically coll… submit kernel crash signatures...
[[0;32m  OK  [0m] Stopped Wait until snapd is fully seeded.
         Stopping LSB: Speech Dispatcher...
         Stopping Regular background program processing daemon...
         Stopping Availability of block devices...
         Stopping GNOME Display Manager...
         Stopping OpenBSD Secure Shell server...
         Stopping Disk Manager...
         Stopping LSB: Record successful boot for GRUB...
         Stopping Unattended Upgrades Shutdown...
         Stopping Session c1 of user gdm.
         Stopping FUSE filesystem for LXC...
         Stopping Manage, Install and Generate Color Profiles...
         Stopping System Logging Service...
         Stopping irqbalance daemon...
         Stopping PackageKit Daemon...
[[0;32m  OK  [0m] Stopped target Timers.
[[0;32m  OK  [0m] Stopped Daily Cleanup of Temporary Directories.
[[0;32m  OK  [0m] Stopped Daily apt upgrade and clean activities.
[[0;32m  OK  [0m] Stopped Trigger anacron every hour.
[[0;32m  OK  [0m] Stopped Daily apt download activities.
         Stopping Daemon for power management...
[[0;32m  OK  [0m] Stopped Message of the Day.
         Stopping Accounts Service...
[[0;32m  OK  [0m] Stopped Discard unused blocks once a week.
[[0;32m  OK  [0m] Stopped Regular background program processing daemon.
[[0;32m  OK  [0m] Stopped Deferred execution scheduler.
[[0;32m  OK  [0m] Stopped OpenBSD Secure Shell server.
[[0;32m  OK  [0m] Stopped Daemon for power management.
[[0;32m  OK  [0m] Stopped Availability of block devices.
[[0;32m  OK  [0m] Stopped LXD - container startup/shutdown.
[[0;32m  OK  [0m] Stopped LSB: Record successful boot for GRUB.
[[0;32m  OK  [0m] Stopped LSB: Speech Dispatcher.
[[0;32m  OK  [0m] Stopped LSB: automatic crash report generation.
[[0;32m  OK  [0m] Stopped Virtualbox guest utils.
[[0;32m  OK  [0m] Stopped irqbalance daemon.
[[0;32m  OK  [0m] Unmounted /var/lib/lxcfs.
[[0;32m  OK  [0m] Stopped System Logging Service.
[[0;32m  OK  [0m] Stopped Dispatcher daemon for systemd-networkd.
[[0;32m  OK  [0m] Stopped Accounts Service.
[[0;32m  OK  [0m] Stopped ACPI event daemon.
[[0;32m  OK  [0m] Stopped crash report submission daemon.
[[0;32m  OK  [0m] Stopped Serial Getty on ttyS0.
[[0;32m  OK  [0m] Stopped RealtimeKit Scheduling Policy Service.
[[0;32m  OK  [0m] Stopped PackageKit Daemon.
[[0;32m  OK  [0m] Stopped Thunderbolt system service.
[[0;32m  OK  [0m] Stopped Manage, Install and Generate Color Profiles.
[[0;32m  OK  [0m] Stopped FUSE filesystem for LXC.
[[0;32m  OK  [0m] Stopped Tool to automatically colle…nd submit kernel crash signatures.
[[0;32m  OK  [0m] Stopped Disk Manager.
[[0;32m  OK  [0m] Unmounted /run/user/1000/gvfs.
[[0;32m  OK  [0m] Stopped Modem Manager.
[[0;32m  OK  [0m] Stopped Unattended Upgrades Shutdown.
[[0;32m  OK  [0m] Stopped Make remote CUPS printers available locally.
         Stopping Avahi mDNS/DNS-SD Stack...
         Stopping CUPS Scheduler...
[[0;32m  OK  [0m] Stopped target Host and Network Name Lookups.
[[0;32m  OK  [0m] Stopped target System Time Synchronized.
         Stopping Authorization Manager...
[[0;32m  OK  [0m] Removed slice system-serial\x2dgetty.slice.
[[0;32m  OK  [0m] Stopped Session c1 of user gdm.
[[0;32m  OK  [0m] Stopped Session 7 of user vagrant.
[[0;32m  OK  [0m] Stopped Authorization Manager.
[[0;32m  OK  [0m] Stopped GNOME Display Manager.
[[0;32m  OK  [0m] Stopped User Manager for UID 125.
[[0;32m  OK  [0m] Removed slice User Slice of gdm.
         Stopping Firmware update daemon...
[[0;32m  OK  [0m] Stopped CUPS Scheduler.
[[0;32m  OK  [0m] Unmounted /run/user/125.
[[0;32m  OK  [0m] Stopped Avahi mDNS/DNS-SD Stack.
[[0;32m  OK  [0m] Stopped Firmware update daemon.
[[0;32m  OK  [0m] Stopped User Manager for UID 1000.
[[0;32m  OK  [0m] Stopped Session 4 of user vagrant.
[[0;32m  OK  [0m] Removed slice User Slice of vagrant.
         Stopping Permit User Sessions...
         Stopping Login Service...
[[0;32m  OK  [0m] Stopped Permit User Sessions.
[[0;32m  OK  [0m] Stopped target Remote File Systems.
[[0;32m  OK  [0m] Stopped target Remote File Systems (Pre).
[[0;32m  OK  [0m] Stopped Login Service.
[[0;32m  OK  [0m] Stopped target User and Group Name Lookups.
[[0;32m  OK  [0m] Unmounted /run/docker/netns/aa573a26d13c.
[[0;32m  OK  [0m] Unmounted /var/lib/docker/container…38302d59a1a7a68af59d3f/mounts/shm.
[[0;32m  OK  [0m] Unmounted /var/lib/docker/overlay2/…9c2968c93b439877e05db9fe57/merged.
[   [0;31m*[0;1;31m*[0m[0;31m*[0m] A stop job is running for Docker Ap…n Container Engine (6s / no limit)[K[    [0;31m*[0;1;31m*[0m] A stop job is running for Docker Ap…n Container Engine (7s / no limit)[K[     [0;31m*[0m] A stop job is running for Docker Ap…n Container Engine (7s / no limit)[K[    [0;31m*[0;1;31m*[0m] A stop job is running for Docker Ap…n Container Engine (8s / no limit)[K[   [0;31m*[0;1;31m*[0m[0;31m*[0m] A stop job is running for Docker Ap…n Container Engine (8s / no limit)[K[  [0;31m*[0;1;31m*[0m[0;31m* [0m] A stop job is running for Docker Ap…n Container Engine (9s / no limit)[K[ [0;31m*[0;1;31m*[0m[0;31m*  [0m] A stop job is running for Docker Ap…n Container Engine (9s / no limit)[K[[0;31m*[0;1;31m*[0m[0;31m*   [0m] A stop job is running for Docker Ap… Container Engine (10s / no limit)[K[[0;1;31m*[0m[0;31m*    [0m] A stop job is running for Docker Ap… Container Engine (10s / no limit)[K[[0m[0;31m*     [0m] A stop job is running for Docker Ap… Container Engine (11s / no limit)[K[[0;32m  OK  [0m] Unmounted /run/docker/netns/97769349ea70.
[[0;32m  OK  [0m] Unmounted /var/lib/docker/container…940469a4d137853dea87b8/mounts/shm.
[[0;32m  OK  [0m] Unmounted /var/lib/docker/overlay2/…b1587f90bfda77d2d36a2b7b92/merged.
[[0;32m  OK  [0m] Stopped Docker Application Container Engine.
         Stopping containerd container runtime...
[[0;32m  OK  [0m] Stopped target Network is Online.
[[0;32m  OK  [0m] Stopped Network Manager Wait Online.
[[0;32m  OK  [0m] Stopped containerd container runtime.
[[0;32m  OK  [0m] Stopped target Network.
         Stopping Network Manager...
         Stopping WPA supplicant...
         Stopping Network Name Resolution...
[[0;32m  OK  [0m] Stopped WPA supplicant.
[[0;32m  OK  [0m] Stopped Network Name Resolution.
         Stopping Network Service...
[[0;32m  OK  [0m] Stopped Network Manager.
         Stopping D-Bus System Message Bus...
[[0;32m  OK  [0m] Stopped D-Bus System Message Bus.
[[0;32m  OK  [0m] Stopped target Basic System.
[[0;32m  OK  [0m] Stopped target Slices.
[[0;32m  OK  [0m] Removed slice User and Session Slice.
[[0;32m  OK  [0m] Stopped target Sockets.
[[0;32m  OK  [0m] Closed UUID daemon activation socket.
[[0;32m  OK  [0m] Closed CUPS Scheduler.
[[0;32m  OK  [0m] Closed Open-iSCSI iscsid Socket.
[[0;32m  OK  [0m] Closed Syslog Socket.
[[0;32m  OK  [0m] Closed ACPID Listen Socket.
[[0;32m  OK  [0m] Closed LXD - unix socket.
[[0;32m  OK  [0m] Closed Avahi mDNS/DNS-SD Stack Activation Socket.
[[0;32m  OK  [0m] Closed Docker Socket for the API.
[[0;32m  OK  [0m] Closed Socket activation for snappy daemon.
[[0;32m  OK  [0m] Stopped target Paths.
[[0;32m  OK  [0m] Stopped ACPI Events Check.
[[0;32m  OK  [0m] Stopped CUPS Scheduler.
[[0;32m  OK  [0m] Closed D-Bus System Message Bus Socket.
[[0;32m  OK  [0m] Stopped target System Initialization.
[[0;32m  OK  [0m] Stopped target Local Encrypted Volumes.
[[0;32m  OK  [0m] Stopped Forward Password Requests to Wall Directory Watch.
[[0;32m  OK  [0m] Stopped Dispatch Password Requests to Console Directory Watch.
         Stopping Load/Save Random Seed...
         Stopping Update UTMP about System Boot/Shutdown...
[[0;32m  OK  [0m] Stopped Initial cloud-init job (metadata service crawler).
         Stopping Raise network interfaces...
[[0;32m  OK  [0m] Stopped Network Service.
[[0;32m  OK  [0m] Stopped Load/Save Random Seed.
[[0;32m  OK  [0m] Stopped Raise network interfaces.
[[0;32m  OK  [0m] Stopped target Network (Pre).
[[0;32m  OK  [0m] Stopped Initial cloud-init job (pre-networking).
[[0;32m  OK  [0m] Stopped Apply Kernel Variables.
[[0;32m  OK  [0m] Stopped Load Kernel Modules.
[[0;32m  OK  [0m] Stopped Update UTMP about System Boot/Shutdown.
[[0;32m  OK  [0m] Stopped Create Volatile Files and Directories.
[[0;32m  OK  [0m] Stopped target Local File Systems.
         Unmounting /run/user/1000...
         Unmounting /vagrant...
[[0;32m  OK  [0m] Unmounted /run/user/1000.
[[0;32m  OK  [0m] Unmounted /vagrant.
[[0;32m  OK  [0m] Reached target Unmount All Filesystems.
[[0;32m  OK  [0m] Stopped target Local File Systems (Pre).
         Stopping Monitoring of LVM2 mirrors…ng dmeventd or progress polling...
[[0;32m  OK  [0m] Stopped Create Static Device Nodes in /dev.
[[0;32m  OK  [0m] Stopped Remount Root and Kernel File Systems.
[[0;32m  OK  [0m] Stopped target Swap.
[[0;32m  OK  [0m] Reached target Shutdown.
[[0;32m  OK  [0m] Reached target Final Step.
         Starting Power-Off...
[[0;32m  OK  [0m] Stopped Monitoring of LVM2 mirrors,…sing dmeventd or progress polling.
         Stopping LVM2 metadata daemon...
[[0;32m  OK  [0m] Stopped LVM2 metadata daemon.
[ 4348.878731] reboot: Power down
